0 info it worked if it ends with ok
1 verbose cli [ '/usr/bin/node', '/usr/bin/npm', 'run', 'dev' ]
2 info using npm@3.5.2
3 info using node@v8.10.0
4 verbose run-script [ 'predev', 'dev', 'postdev' ]
5 info lifecycle neo4j-vue@0.1.0~predev: neo4j-vue@0.1.0
6 silly lifecycle neo4j-vue@0.1.0~predev: no script for predev, continuing
7 info lifecycle neo4j-vue@0.1.0~dev: neo4j-vue@0.1.0
8 verbose lifecycle neo4j-vue@0.1.0~dev: unsafe-perm in lifecycle true
9 verbose lifecycle neo4j-vue@0.1.0~dev: PATH: /usr/share/npm/bin/node-gyp-bin:/data/neo4j-vue/node_modules/.bin:/usr/local/jdk-11.0.7/bin:/root/.yarn/bin:/root/.config/yarn/global/node_modules/.bin:/usr/lib/jvm/jdk1.8.0_162/bin:/usr/local/sbt/bin:/usr/local/sbin:/usr/local/bin:/usr/sbin:/usr/bin:/sbin:/bin:/usr/games:/usr/local/games:/snap/bin:/usr/local/hive/bin:/usr/local/scala/bin:/usr/local/spark/bin:/usr/local/spark/sbin:/usr/local/hadoop/bin:/usr/local/scala/bin:/usr/local/hbase/bin:/usr/local/flume/bin:/usr/local/sbt/bin:/usr/local/sqoop/bin
10 verbose lifecycle neo4j-vue@0.1.0~dev: CWD: /data/neo4j-vue
11 silly lifecycle neo4j-vue@0.1.0~dev: Args: [ '-c',
11 silly lifecycle   'cross-env NODE_ENV=development node build/dev-server.js' ]
12 silly lifecycle neo4j-vue@0.1.0~dev: Returned: code: 1  signal: null
13 info lifecycle neo4j-vue@0.1.0~dev: Failed to exec dev script
14 verbose stack Error: neo4j-vue@0.1.0 dev: `cross-env NODE_ENV=development node build/dev-server.js`
14 verbose stack Exit status 1
14 verbose stack     at EventEmitter.<anonymous> (/usr/share/npm/lib/utils/lifecycle.js:232:16)
14 verbose stack     at emitTwo (events.js:126:13)
14 verbose stack     at EventEmitter.emit (events.js:214:7)
14 verbose stack     at ChildProcess.<anonymous> (/usr/share/npm/lib/utils/spawn.js:24:14)
14 verbose stack     at emitTwo (events.js:126:13)
14 verbose stack     at ChildProcess.emit (events.js:214:7)
14 verbose stack     at maybeClose (internal/child_process.js:925:16)
14 verbose stack     at Process.ChildProcess._handle.onexit (internal/child_process.js:209:5)
15 verbose pkgid neo4j-vue@0.1.0
16 verbose cwd /data/neo4j-vue
17 error Linux 4.15.0-135-generic
18 error argv "/usr/bin/node" "/usr/bin/npm" "run" "dev"
19 error node v8.10.0
20 error npm  v3.5.2
21 error code ELIFECYCLE
22 error neo4j-vue@0.1.0 dev: `cross-env NODE_ENV=development node build/dev-server.js`
22 error Exit status 1
23 error Failed at the neo4j-vue@0.1.0 dev script 'cross-env NODE_ENV=development node build/dev-server.js'.
23 error Make sure you have the latest version of node.js and npm installed.
23 error If you do, this is most likely a problem with the neo4j-vue package,
23 error not with npm itself.
23 error Tell the author that this fails on your system:
23 error     cross-env NODE_ENV=development node build/dev-server.js
23 error You can get information on how to open an issue for this project with:
23 error     npm bugs neo4j-vue
23 error Or if that isn't available, you can get their info via:
23 error     npm owner ls neo4j-vue
23 error There is likely additional logging output above.
24 verbose exit [ 1, true ]
